<mule xmlns="http://www.mulesoft.org/schema/mule/core"
      xmlns:xsi="http://www.w3.org/2001/XMLSchema-instance"
      xmlns:langchain--template="http://www.mulesoft.org/schema/mule/langchain--template"
      xsi:schemaLocation="http://www.mulesoft.org/schema/mule/core http://www.mulesoft.org/schema/mule/core/current/mule.xsd
          http://www.mulesoft.org/schema/mule/langchain--template http://www.mulesoft.org/schema/mule/langchain--template/current/mule-langchain--template.xsd">

    <langchain--template:config name="config" configId="configId">
        <langchain--template:connection requiredParameter="aValue" />
    </langchain--template:config>

    <flow name="sayHiFlow">
        <langchain--template:say-hi person="Mariano Gonzalez"/>
    </flow>

    <flow name="retrieveInfoFlow">
        <langchain--template:retrieve-info config-ref="config"/>
    </flow>

</mule>
